{"E:\\NodeJS-46\\be-cyber-media\\src\\common\\constant\\app.constant.js": {"path":"E:\\NodeJS-46\\be-cyber-media\\src\\common\\constant\\app.constant.js","statementMap":{"0":{"start":{"line":3,"column":28},"end":{"line":3,"column":52}},"1":{"start":{"line":4,"column":35},"end":{"line":4,"column":66}},"2":{"start":{"line":5,"column":36},"end":{"line":5,"column":68}},"3":{"start":{"line":6,"column":36},"end":{"line":6,"column":68}},"4":{"start":{"line":7,"column":37},"end":{"line":7,"column":70}},"5":{"start":{"line":9,"column":2},"end":{"line":9,"column":61}},"6":{"start":{"line":10,"column":0},"end":{"line":16,"column":3}}},"fnMap":{},"branchMap":{},"s":{"0":1,"1":1,"2":1,"3":1,"4":1,"5":1,"6":1},"f":{},"b":{},"_coverageSchema":"1a1c01bbd47fc00a2c39e90264f33305004495a9","hash":"89211f170863eaab759513054027f6d87a660f83"}
,"E:\\NodeJS-46\\be-cyber-media\\src\\common\\helpers\\error.helper.js": {"path":"E:\\NodeJS-46\\be-cyber-media\\src\\common\\helpers\\error.helper.js","statementMap":{"0":{"start":{"line":3,"column":27},"end":{"line":16,"column":1}},"1":{"start":{"line":4,"column":2},"end":{"line":4,"column":23}},"2":{"start":{"line":8,"column":2},"end":{"line":10,"column":3}},"3":{"start":{"line":9,"column":4},"end":{"line":9,"column":19}},"4":{"start":{"line":11,"column":2},"end":{"line":13,"column":3}},"5":{"start":{"line":12,"column":4},"end":{"line":12,"column":19}},"6":{"start":{"line":14,"column":18},"end":{"line":14,"column":65}},"7":{"start":{"line":15,"column":2},"end":{"line":15,"column":41}},"8":{"start":{"line":20,"column":4},"end":{"line":20,"column":19}},"9":{"start":{"line":21,"column":4},"end":{"line":21,"column":20}},"10":{"start":{"line":27,"column":4},"end":{"line":27,"column":19}},"11":{"start":{"line":28,"column":4},"end":{"line":28,"column":20}},"12":{"start":{"line":33,"column":4},"end":{"line":33,"column":19}},"13":{"start":{"line":34,"column":4},"end":{"line":34,"column":20}}},"fnMap":{"0":{"name":"(anonymous_0)","decl":{"start":{"line":3,"column":27},"end":{"line":3,"column":28}},"loc":{"start":{"line":3,"column":52},"end":{"line":16,"column":1}},"line":3},"1":{"name":"(anonymous_1)","decl":{"start":{"line":19,"column":2},"end":{"line":19,"column":3}},"loc":{"start":{"line":19,"column":47},"end":{"line":22,"column":3}},"line":19},"2":{"name":"(anonymous_2)","decl":{"start":{"line":26,"column":2},"end":{"line":26,"column":3}},"loc":{"start":{"line":26,"column":46},"end":{"line":29,"column":3}},"line":26},"3":{"name":"(anonymous_3)","decl":{"start":{"line":32,"column":2},"end":{"line":32,"column":3}},"loc":{"start":{"line":32,"column":52},"end":{"line":35,"column":3}},"line":32}},"branchMap":{"0":{"loc":{"start":{"line":8,"column":2},"end":{"line":10,"column":3}},"type":"if","locations":[{"start":{"line":8,"column":2},"end":{"line":10,"column":3}},{"start":{},"end":{}}],"line":8},"1":{"loc":{"start":{"line":11,"column":2},"end":{"line":13,"column":3}},"type":"if","locations":[{"start":{"line":11,"column":2},"end":{"line":13,"column":3}},{"start":{},"end":{}}],"line":11},"2":{"loc":{"start":{"line":19,"column":14},"end":{"line":19,"column":45}},"type":"default-arg","locations":[{"start":{"line":19,"column":24},"end":{"line":19,"column":45}}],"line":19},"3":{"loc":{"start":{"line":26,"column":14},"end":{"line":26,"column":44}},"type":"default-arg","locations":[{"start":{"line":26,"column":24},"end":{"line":26,"column":44}}],"line":26},"4":{"loc":{"start":{"line":32,"column":14},"end":{"line":32,"column":50}},"type":"default-arg","locations":[{"start":{"line":32,"column":24},"end":{"line":32,"column":50}}],"line":32}},"s":{"0":1,"1":0,"2":0,"3":0,"4":0,"5":0,"6":0,"7":0,"8":0,"9":0,"10":0,"11":0,"12":0,"13":0},"f":{"0":0,"1":0,"2":0,"3":0},"b":{"0":[0,0],"1":[0,0],"2":[0],"3":[0],"4":[0]},"_coverageSchema":"1a1c01bbd47fc00a2c39e90264f33305004495a9","hash":"fd002cde0833f574d762abf4e642c36f3211c13c"}
,"E:\\NodeJS-46\\be-cyber-media\\src\\common\\helpers\\response.helper.js": {"path":"E:\\NodeJS-46\\be-cyber-media\\src\\common\\helpers\\response.helper.js","statementMap":{"0":{"start":{"line":1,"column":31},"end":{"line":13,"column":1}},"1":{"start":{"line":6,"column":2},"end":{"line":12,"column":4}},"2":{"start":{"line":15,"column":29},"end":{"line":27,"column":1}},"3":{"start":{"line":20,"column":2},"end":{"line":20,"column":43}},"4":{"start":{"line":20,"column":32},"end":{"line":20,"column":43}},"5":{"start":{"line":21,"column":2},"end":{"line":26,"column":4}}},"fnMap":{"0":{"name":"(anonymous_0)","decl":{"start":{"line":1,"column":31},"end":{"line":1,"column":32}},"loc":{"start":{"line":5,"column":5},"end":{"line":13,"column":1}},"line":5},"1":{"name":"(anonymous_1)","decl":{"start":{"line":15,"column":29},"end":{"line":15,"column":30}},"loc":{"start":{"line":19,"column":5},"end":{"line":27,"column":1}},"line":19}},"branchMap":{"0":{"loc":{"start":{"line":2,"column":2},"end":{"line":2,"column":17}},"type":"default-arg","locations":[{"start":{"line":2,"column":13},"end":{"line":2,"column":17}}],"line":2},"1":{"loc":{"start":{"line":3,"column":2},"end":{"line":3,"column":16}},"type":"default-arg","locations":[{"start":{"line":3,"column":12},"end":{"line":3,"column":16}}],"line":3},"2":{"loc":{"start":{"line":4,"column":2},"end":{"line":4,"column":12}},"type":"default-arg","locations":[{"start":{"line":4,"column":9},"end":{"line":4,"column":12}}],"line":4},"3":{"loc":{"start":{"line":16,"column":2},"end":{"line":16,"column":35}},"type":"default-arg","locations":[{"start":{"line":16,"column":12},"end":{"line":16,"column":35}}],"line":16},"4":{"loc":{"start":{"line":17,"column":2},"end":{"line":17,"column":12}},"type":"default-arg","locations":[{"start":{"line":17,"column":9},"end":{"line":17,"column":12}}],"line":17},"5":{"loc":{"start":{"line":18,"column":2},"end":{"line":18,"column":14}},"type":"default-arg","locations":[{"start":{"line":18,"column":10},"end":{"line":18,"column":14}}],"line":18},"6":{"loc":{"start":{"line":20,"column":2},"end":{"line":20,"column":43}},"type":"if","locations":[{"start":{"line":20,"column":2},"end":{"line":20,"column":43}},{"start":{},"end":{}}],"line":20}},"s":{"0":1,"1":0,"2":1,"3":0,"4":0,"5":0},"f":{"0":0,"1":0},"b":{"0":[0],"1":[0],"2":[0],"3":[0],"4":[0],"5":[0],"6":[0,0]},"_coverageSchema":"1a1c01bbd47fc00a2c39e90264f33305004495a9","hash":"3b89b9594d1c9a8aacc0bd4ece3d8fe3e4be6156"}
,"E:\\NodeJS-46\\be-cyber-media\\src\\common\\nodemailer\\send-mail.nodemailler.js": {"path":"E:\\NodeJS-46\\be-cyber-media\\src\\common\\nodemailer\\send-mail.nodemailler.js","statementMap":{"0":{"start":{"line":2,"column":20},"end":{"line":10,"column":2}},"1":{"start":{"line":15,"column":15},"end":{"line":21,"column":4}},"2":{"start":{"line":23,"column":2},"end":{"line":23,"column":50}}},"fnMap":{"0":{"name":"sendMail","decl":{"start":{"line":13,"column":15},"end":{"line":13,"column":23}},"loc":{"start":{"line":13,"column":31},"end":{"line":25,"column":1}},"line":13}},"branchMap":{},"s":{"0":1,"1":1,"2":0},"f":{"0":1},"b":{},"_coverageSchema":"1a1c01bbd47fc00a2c39e90264f33305004495a9","hash":"09e7120ea418b2f631bd8a240ad4e688ca7bb20a"}
,"E:\\NodeJS-46\\be-cyber-media\\src\\prisma\\init.prisma.js": {"path":"E:\\NodeJS-46\\be-cyber-media\\src\\prisma\\init.prisma.js","statementMap":{"0":{"start":{"line":3,"column":15},"end":{"line":3,"column":33}}},"fnMap":{},"branchMap":{},"s":{"0":1},"f":{},"b":{},"_coverageSchema":"1a1c01bbd47fc00a2c39e90264f33305004495a9","hash":"9d3fc708bede68c312f943051491334503910ea8"}
,"E:\\NodeJS-46\\be-cyber-media\\src\\services\\auth.services.js": {"path":"E:\\NodeJS-46\\be-cyber-media\\src\\services\\auth.services.js","statementMap":{"0":{"start":{"line":15,"column":21},"end":{"line":154,"column":1}},"1":{"start":{"line":19,"column":44},"end":{"line":19,"column":52}},"2":{"start":{"line":22,"column":23},"end":{"line":26,"column":6}},"3":{"start":{"line":28,"column":4},"end":{"line":30,"column":5}},"4":{"start":{"line":29,"column":6},"end":{"line":29,"column":60}},"5":{"start":{"line":33,"column":21},"end":{"line":33,"column":51}},"6":{"start":{"line":35,"column":20},"end":{"line":41,"column":6}},"7":{"start":{"line":44,"column":4},"end":{"line":44,"column":29}},"8":{"start":{"line":49,"column":4},"end":{"line":51,"column":7}},"9":{"start":{"line":50,"column":6},"end":{"line":50,"column":40}},"10":{"start":{"line":53,"column":4},"end":{"line":53,"column":19}},"11":{"start":{"line":56,"column":33},"end":{"line":56,"column":41}},"12":{"start":{"line":57,"column":4},"end":{"line":57,"column":38}},"13":{"start":{"line":59,"column":23},"end":{"line":63,"column":6}},"14":{"start":{"line":64,"column":4},"end":{"line":66,"column":5}},"15":{"start":{"line":65,"column":6},"end":{"line":65,"column":80}},"16":{"start":{"line":67,"column":4},"end":{"line":81,"column":5}},"17":{"start":{"line":68,"column":6},"end":{"line":72,"column":7}},"18":{"start":{"line":69,"column":8},"end":{"line":71,"column":10}},"19":{"start":{"line":73,"column":6},"end":{"line":77,"column":7}},"20":{"start":{"line":74,"column":8},"end":{"line":76,"column":10}},"21":{"start":{"line":78,"column":6},"end":{"line":80,"column":8}},"22":{"start":{"line":83,"column":23},"end":{"line":83,"column":74}},"23":{"start":{"line":85,"column":4},"end":{"line":87,"column":5}},"24":{"start":{"line":86,"column":6},"end":{"line":86,"column":64}},"25":{"start":{"line":88,"column":19},"end":{"line":88,"column":64}},"26":{"start":{"line":89,"column":4},"end":{"line":89,"column":18}},"27":{"start":{"line":92,"column":41},"end":{"line":92,"column":49}},"28":{"start":{"line":93,"column":19},"end":{"line":93,"column":35}},"29":{"start":{"line":94,"column":4},"end":{"line":94,"column":45}},"30":{"start":{"line":95,"column":21},"end":{"line":99,"column":6}},"31":{"start":{"line":100,"column":4},"end":{"line":108,"column":5}},"32":{"start":{"line":101,"column":6},"end":{"line":107,"column":9}},"33":{"start":{"line":109,"column":19},"end":{"line":109,"column":64}},"34":{"start":{"line":110,"column":4},"end":{"line":110,"column":18}},"35":{"start":{"line":113,"column":25},"end":{"line":113,"column":65}},"36":{"start":{"line":114,"column":4},"end":{"line":116,"column":5}},"37":{"start":{"line":115,"column":6},"end":{"line":115,"column":80}},"38":{"start":{"line":117,"column":24},"end":{"line":117,"column":53}},"39":{"start":{"line":118,"column":4},"end":{"line":120,"column":5}},"40":{"start":{"line":119,"column":6},"end":{"line":119,"column":80}},"41":{"start":{"line":121,"column":31},"end":{"line":121,"column":77}},"42":{"start":{"line":123,"column":30},"end":{"line":125,"column":6}},"43":{"start":{"line":126,"column":4},"end":{"line":126,"column":59}},"44":{"start":{"line":127,"column":4},"end":{"line":129,"column":5}},"45":{"start":{"line":128,"column":6},"end":{"line":128,"column":67}},"46":{"start":{"line":131,"column":23},"end":{"line":135,"column":6}},"47":{"start":{"line":136,"column":4},"end":{"line":136,"column":79}},"48":{"start":{"line":136,"column":21},"end":{"line":136,"column":79}},"49":{"start":{"line":137,"column":19},"end":{"line":137,"column":64}},"50":{"start":{"line":138,"column":4},"end":{"line":138,"column":18}},"51":{"start":{"line":142,"column":4},"end":{"line":142,"column":78}},"52":{"start":{"line":142,"column":17},"end":{"line":142,"column":78}},"53":{"start":{"line":143,"column":24},"end":{"line":145,"column":6}},"54":{"start":{"line":146,"column":25},"end":{"line":148,"column":6}},"55":{"start":{"line":149,"column":4},"end":{"line":152,"column":6}}},"fnMap":{"0":{"name":"(anonymous_0)","decl":{"start":{"line":17,"column":12},"end":{"line":17,"column":13}},"loc":{"start":{"line":17,"column":27},"end":{"line":54,"column":3}},"line":17},"1":{"name":"(anonymous_1)","decl":{"start":{"line":49,"column":47},"end":{"line":49,"column":48}},"loc":{"start":{"line":49,"column":56},"end":{"line":51,"column":5}},"line":49},"2":{"name":"(anonymous_2)","decl":{"start":{"line":55,"column":9},"end":{"line":55,"column":10}},"loc":{"start":{"line":55,"column":24},"end":{"line":90,"column":3}},"line":55},"3":{"name":"(anonymous_3)","decl":{"start":{"line":91,"column":17},"end":{"line":91,"column":18}},"loc":{"start":{"line":91,"column":32},"end":{"line":111,"column":3}},"line":91},"4":{"name":"(anonymous_4)","decl":{"start":{"line":112,"column":16},"end":{"line":112,"column":17}},"loc":{"start":{"line":112,"column":31},"end":{"line":139,"column":3}},"line":112},"5":{"name":"(anonymous_5)","decl":{"start":{"line":141,"column":16},"end":{"line":141,"column":17}},"loc":{"start":{"line":141,"column":28},"end":{"line":153,"column":3}},"line":141}},"branchMap":{"0":{"loc":{"start":{"line":28,"column":4},"end":{"line":30,"column":5}},"type":"if","locations":[{"start":{"line":28,"column":4},"end":{"line":30,"column":5}},{"start":{},"end":{}}],"line":28},"1":{"loc":{"start":{"line":64,"column":4},"end":{"line":66,"column":5}},"type":"if","locations":[{"start":{"line":64,"column":4},"end":{"line":66,"column":5}},{"start":{},"end":{}}],"line":64},"2":{"loc":{"start":{"line":67,"column":4},"end":{"line":81,"column":5}},"type":"if","locations":[{"start":{"line":67,"column":4},"end":{"line":81,"column":5}},{"start":{},"end":{}}],"line":67},"3":{"loc":{"start":{"line":68,"column":6},"end":{"line":72,"column":7}},"type":"if","locations":[{"start":{"line":68,"column":6},"end":{"line":72,"column":7}},{"start":{},"end":{}}],"line":68},"4":{"loc":{"start":{"line":73,"column":6},"end":{"line":77,"column":7}},"type":"if","locations":[{"start":{"line":73,"column":6},"end":{"line":77,"column":7}},{"start":{},"end":{}}],"line":73},"5":{"loc":{"start":{"line":85,"column":4},"end":{"line":87,"column":5}},"type":"if","locations":[{"start":{"line":85,"column":4},"end":{"line":87,"column":5}},{"start":{},"end":{}}],"line":85},"6":{"loc":{"start":{"line":100,"column":4},"end":{"line":108,"column":5}},"type":"if","locations":[{"start":{"line":100,"column":4},"end":{"line":108,"column":5}},{"start":{},"end":{}}],"line":100},"7":{"loc":{"start":{"line":114,"column":4},"end":{"line":116,"column":5}},"type":"if","locations":[{"start":{"line":114,"column":4},"end":{"line":116,"column":5}},{"start":{},"end":{}}],"line":114},"8":{"loc":{"start":{"line":118,"column":4},"end":{"line":120,"column":5}},"type":"if","locations":[{"start":{"line":118,"column":4},"end":{"line":120,"column":5}},{"start":{},"end":{}}],"line":118},"9":{"loc":{"start":{"line":127,"column":4},"end":{"line":129,"column":5}},"type":"if","locations":[{"start":{"line":127,"column":4},"end":{"line":129,"column":5}},{"start":{},"end":{}}],"line":127},"10":{"loc":{"start":{"line":136,"column":4},"end":{"line":136,"column":79}},"type":"if","locations":[{"start":{"line":136,"column":4},"end":{"line":136,"column":79}},{"start":{},"end":{}}],"line":136},"11":{"loc":{"start":{"line":142,"column":4},"end":{"line":142,"column":78}},"type":"if","locations":[{"start":{"line":142,"column":4},"end":{"line":142,"column":78}},{"start":{},"end":{}}],"line":142}},"s":{"0":1,"1":1,"2":1,"3":1,"4":0,"5":1,"6":1,"7":1,"8":1,"9":0,"10":1,"11":0,"12":0,"13":0,"14":0,"15":0,"16":0,"17":0,"18":0,"19":0,"20":0,"21":0,"22":0,"23":0,"24":0,"25":0,"26":0,"27":0,"28":0,"29":0,"30":0,"31":0,"32":0,"33":0,"34":0,"35":0,"36":0,"37":0,"38":0,"39":0,"40":0,"41":0,"42":0,"43":0,"44":0,"45":0,"46":0,"47":0,"48":0,"49":0,"50":0,"51":0,"52":0,"53":0,"54":0,"55":0},"f":{"0":1,"1":0,"2":0,"3":0,"4":0,"5":0},"b":{"0":[0,1],"1":[0,0],"2":[0,0],"3":[0,0],"4":[0,0],"5":[0,0],"6":[0,0],"7":[0,0],"8":[0,0],"9":[0,0],"10":[0,0],"11":[0,0]},"_coverageSchema":"1a1c01bbd47fc00a2c39e90264f33305004495a9","hash":"a2f749e7920aaaea8723531be018cc15eb678bc5"}
}
